Using pre-set license
Built from '2020.3/staging' branch; Version is '2020.3.20f1 (41c4e627c95f) revision 4310246'; Using compiler version '192528614'; Build Type 'Release'
OS: 'Windows 10 Home; OS build 19042.1348; Version 2009; 64bit' Language: 'ko' Physical Memory: 8047 MB
BatchMode: 1, IsHumanControllingUs: 0, StartBugReporterOnCrash: 0, Is64bit: 1, IsPro: 0

COMMAND LINE ARGUMENTS:
C:\Program Files\Unity\Hub\Editor\2020.3.20f1\Editor\Unity.exe
-adb2
-batchMode
-noUpm
-name
AssetImportWorker0
-projectPath
C:/Users/tlfqj/Documents/GitHub/metaverse-unity/DonggukBUS
-logFile
Logs/AssetImportWorker0.log
-srvPort
57058
Successfully changed project path to: C:/Users/tlfqj/Documents/GitHub/metaverse-unity/DonggukBUS
C:/Users/tlfqj/Documents/GitHub/metaverse-unity/DonggukBUS
Using Asset Import Pipeline V2.
Refreshing native plugins compatible for Editor in 176.25 ms, found 5 plugins.
Preloading 0 native plugins for Editor in 0.00 ms.
Initialize engine version: 2020.3.20f1 (41c4e627c95f)
[Subsystems] Discovering subsystems at path C:/Program Files/Unity/Hub/Editor/2020.3.20f1/Editor/Data/Resources/UnitySubsystems
[Subsystems] Discovering subsystems at path C:/Users/tlfqj/Documents/GitHub/metaverse-unity/DonggukBUS/Assets
GfxDevice: creating device client; threaded=0
Direct3D:
    Version:  Direct3D 11.0 [level 11.1]
    Renderer: NVIDIA GeForce MX150 (ID=0x1d10)
    Vendor:   
    VRAM:     1983 MB
    Driver:   27.21.14.5167
Initialize mono
Mono path[0] = 'C:/Program Files/Unity/Hub/Editor/2020.3.20f1/Editor/Data/Managed'
Mono path[1] = 'C:/Program Files/Unity/Hub/Editor/2020.3.20f1/Editor/Data/MonoBleedingEdge/lib/mono/unityjit'
Mono config path = 'C:/Program Files/Unity/Hub/Editor/2020.3.20f1/Editor/Data/MonoBleedingEdge/etc'
Using monoOptions --debugger-agent=transport=dt_socket,embedding=1,server=y,suspend=n,address=127.0.0.1:56600
Begin MonoManager ReloadAssembly
Registering precompiled unity dll's ...
Register platform support module: C:/Program Files/Unity/Hub/Editor/2020.3.20f1/Editor/Data/PlaybackEngines/WindowsStandaloneSupport/UnityEditor.WindowsStandalone.Extensions.dll
Registered in 0.007473 seconds.
Native extension for WindowsStandalone target not found
Refreshing native plugins compatible for Editor in 121.26 ms, found 5 plugins.
Preloading 0 native plugins for Editor in 0.00 ms.
Mono: successfully reloaded assembly
- Completed reload, in  2.042 seconds
Domain Reload Profiling:
	ReloadAssembly (2042ms)
		BeginReloadAssembly (134ms)
			ExecutionOrderSort (0ms)
			DisableScriptedObjects (0ms)
			BackupInstance (0ms)
			ReleaseScriptingObjects (0ms)
			CreateAndSetChildDomain (1ms)
		EndReloadAssembly (665ms)
			LoadAssemblies (129ms)
			RebuildTransferFunctionScriptingTraits (0ms)
			SetupTypeCache (202ms)
			ReleaseScriptCaches (0ms)
			RebuildScriptCaches (42ms)
			SetupLoadedEditorAssemblies (300ms)
				LogAssemblyErrors (0ms)
				InitializePlatformSupportModulesInManaged (6ms)
				SetLoadedEditorAssemblies (0ms)
				RefreshPlugins (121ms)
				BeforeProcessingInitializeOnLoad (25ms)
				ProcessInitializeOnLoadAttributes (105ms)
				ProcessInitializeOnLoadMethodAttributes (41ms)
				AfterProcessingInitializeOnLoad (0ms)
				EditorAssembliesLoaded (0ms)
			ExecutionOrderSort2 (0ms)
			AwakeInstancesAfterBackupRestoration (0ms)
Platform modules already initialized, skipping
Registering precompiled user dll's ...
Registered in 0.065055 seconds.
Begin MonoManager ReloadAssembly
Native extension for WindowsStandalone target not found
Refreshing native plugins compatible for Editor in 113.80 ms, found 5 plugins.
Preloading 0 native plugins for Editor in 0.00 ms.
Mono: successfully reloaded assembly
- Completed reload, in  2.141 seconds
Domain Reload Profiling:
	ReloadAssembly (2146ms)
		BeginReloadAssembly (256ms)
			ExecutionOrderSort (0ms)
			DisableScriptedObjects (6ms)
			BackupInstance (0ms)
			ReleaseScriptingObjects (0ms)
			CreateAndSetChildDomain (39ms)
		EndReloadAssembly (1788ms)
			LoadAssemblies (334ms)
			RebuildTransferFunctionScriptingTraits (0ms)
			SetupTypeCache (485ms)
			ReleaseScriptCaches (1ms)
			RebuildScriptCaches (118ms)
			SetupLoadedEditorAssemblies (698ms)
				LogAssemblyErrors (0ms)
				InitializePlatformSupportModulesInManaged (8ms)
				SetLoadedEditorAssemblies (0ms)
				RefreshPlugins (114ms)
				BeforeProcessingInitializeOnLoad (163ms)
				ProcessInitializeOnLoadAttributes (355ms)
				ProcessInitializeOnLoadMethodAttributes (38ms)
				AfterProcessingInitializeOnLoad (20ms)
				EditorAssembliesLoaded (0ms)
			ExecutionOrderSort2 (0ms)
			AwakeInstancesAfterBackupRestoration (9ms)
Platform modules already initialized, skipping
========================================================================
Worker process is ready to serve import requests
Launched and connected shader compiler UnityShaderCompiler.exe after 0.16 seconds
Refreshing native plugins compatible for Editor in 1.18 ms, found 5 plugins.
Preloading 0 native plugins for Editor in 0.00 ms.
Unloading 3925 Unused Serialized files (Serialized files now loaded: 0)
System memory in use before: 147.3 MB.
System memory in use after: 147.5 MB.

Unloading 48 unused Assets to reduce memory usage. Loaded Objects now: 4359.
Total: 6.721300 ms (FindLiveObjects: 1.112000 ms CreateObjectMapping: 1.773800 ms MarkObjects: 3.733900 ms  DeleteObjects: 0.099300 ms)

AssetImportParameters requested are different than current active one (requested -> active):
  custom:framework-win-MediaFoundation: 216162199b28c13a410421893ffa2e32 -> 
  custom:video-decoder-ogg-theora: a1e56fd34408186e4bbccfd4996cb3dc -> 
  custom:container-muxer-webm: aa71ff27fc2769a1b78a27578f13a17b -> 
  custom:container-demuxer-webm: 4f35f7cbe854078d1ac9338744f61a02 -> 
  custom:container-demuxer-ogg: 62fdf1f143b41e24485cea50d1cbac27 -> 
  custom:video-encoder-webm-vp8: eb34c28f22e8b96e1ab97ce403110664 -> 
  custom:video-codec-MediaFoundation-h265: 746d11721c4dcdbdad8f713fa42b33f4 -> 
  custom:video-decoder-webm-vp8: 9c59270c3fd7afecdb556c50c9e8de78 -> 
  custom:audio-decoder-ogg-vorbis: bf7c407c2cedff20999df2af8eb42d56 -> 
  custom:audio-encoder-webm-vorbis: bf7c407c2cedff20999df2af8eb42d56 -> 
========================================================================
Received Import Request.
  path: Assets/0Scenes/3)MainScene.unity
  artifactKey: Guid(68bd9cff224bb074e9920afd1c949a25) Importer(815301076,1909f56bfc062723c751e8b465ee728b)
Start importing Assets/0Scenes/3)MainScene.unity using Guid(68bd9cff224bb074e9920afd1c949a25) Importer(815301076,1909f56bfc062723c751e8b465ee728b)  -> (artifact id: 'd78b69790f52a257b7a08877e25d59b6') in 0.037440 seconds 
  Import took 0.045868 seconds .

========================================================================
Received Prepare
Registering precompiled user dll's ...
Registered in 0.116818 seconds.
Begin MonoManager ReloadAssembly
Native extension for WindowsStandalone target not found
Refreshing native plugins compatible for Editor in 1.64 ms, found 5 plugins.
Preloading 0 native plugins for Editor in 0.00 ms.
Mono: successfully reloaded assembly
- Completed reload, in  3.565 seconds
Domain Reload Profiling:
	ReloadAssembly (3573ms)
		BeginReloadAssembly (726ms)
			ExecutionOrderSort (0ms)
			DisableScriptedObjects (93ms)
			BackupInstance (0ms)
			ReleaseScriptingObjects (0ms)
			CreateAndSetChildDomain (265ms)
		EndReloadAssembly (2653ms)
			LoadAssemblies (641ms)
			RebuildTransferFunctionScriptingTraits (0ms)
			SetupTypeCache (765ms)
			ReleaseScriptCaches (2ms)
			RebuildScriptCaches (128ms)
			SetupLoadedEditorAssemblies (950ms)
				LogAssemblyErrors (0ms)
				InitializePlatformSupportModulesInManaged (17ms)
				SetLoadedEditorAssemblies (1ms)
				RefreshPlugins (2ms)
				BeforeProcessingInitializeOnLoad (251ms)
				ProcessInitializeOnLoadAttributes (621ms)
				ProcessInitializeOnLoadMethodAttributes (20ms)
				AfterProcessingInitializeOnLoad (36ms)
				EditorAssembliesLoaded (1ms)
			ExecutionOrderSort2 (0ms)
			AwakeInstancesAfterBackupRestoration (17ms)
Platform modules already initialized, skipping
Refreshing native plugins compatible for Editor in 2.67 ms, found 5 plugins.
Preloading 0 native plugins for Editor in 0.00 ms.
Unloading 3913 Unused Serialized files (Serialized files now loaded: 0)
System memory in use before: 146.6 MB.
System memory in use after: 146.8 MB.

Unloading 35 unused Assets to reduce memory usage. Loaded Objects now: 4363.
Total: 21.599700 ms (FindLiveObjects: 4.780500 ms CreateObjectMapping: 1.110300 ms MarkObjects: 15.636700 ms  DeleteObjects: 0.067600 ms)

AssetImportParameters requested are different than current active one (requested -> active):
  custom:framework-win-MediaFoundation: 216162199b28c13a410421893ffa2e32 -> 
  custom:video-decoder-ogg-theora: a1e56fd34408186e4bbccfd4996cb3dc -> 
  custom:container-muxer-webm: aa71ff27fc2769a1b78a27578f13a17b -> 
  custom:container-demuxer-webm: 4f35f7cbe854078d1ac9338744f61a02 -> 
  custom:container-demuxer-ogg: 62fdf1f143b41e24485cea50d1cbac27 -> 
  custom:video-encoder-webm-vp8: eb34c28f22e8b96e1ab97ce403110664 -> 
  custom:video-codec-MediaFoundation-h265: 746d11721c4dcdbdad8f713fa42b33f4 -> 
  custom:video-decoder-webm-vp8: 9c59270c3fd7afecdb556c50c9e8de78 -> 
  custom:audio-decoder-ogg-vorbis: bf7c407c2cedff20999df2af8eb42d56 -> 
  custom:audio-encoder-webm-vorbis: bf7c407c2cedff20999df2af8eb42d56 -> 
========================================================================
Received Prepare
Registering precompiled user dll's ...
Registered in 0.123640 seconds.
Begin MonoManager ReloadAssembly
Native extension for WindowsStandalone target not found
Refreshing native plugins compatible for Editor in 3.94 ms, found 5 plugins.
Preloading 0 native plugins for Editor in 0.00 ms.
Mono: successfully reloaded assembly
- Completed reload, in  5.721 seconds
Domain Reload Profiling:
	ReloadAssembly (5722ms)
		BeginReloadAssembly (467ms)
			ExecutionOrderSort (0ms)
			DisableScriptedObjects (15ms)
			BackupInstance (0ms)
			ReleaseScriptingObjects (0ms)
			CreateAndSetChildDomain (111ms)
		EndReloadAssembly (5075ms)
			LoadAssemblies (1151ms)
			RebuildTransferFunctionScriptingTraits (0ms)
			SetupTypeCache (1051ms)
			ReleaseScriptCaches (4ms)
			RebuildScriptCaches (179ms)
			SetupLoadedEditorAssemblies (2287ms)
				LogAssemblyErrors (0ms)
				InitializePlatformSupportModulesInManaged (33ms)
				SetLoadedEditorAssemblies (6ms)
				RefreshPlugins (5ms)
				BeforeProcessingInitializeOnLoad (1024ms)
				ProcessInitializeOnLoadAttributes (1053ms)
				ProcessInitializeOnLoadMethodAttributes (35ms)
				AfterProcessingInitializeOnLoad (127ms)
				EditorAssembliesLoaded (5ms)
			ExecutionOrderSort2 (0ms)
			AwakeInstancesAfterBackupRestoration (127ms)
Platform modules already initialized, skipping
Refreshing native plugins compatible for Editor in 3.23 ms, found 5 plugins.
Preloading 0 native plugins for Editor in 0.00 ms.
Unloading 3913 Unused Serialized files (Serialized files now loaded: 0)
System memory in use before: 146.7 MB.
System memory in use after: 146.9 MB.

Unloading 35 unused Assets to reduce memory usage. Loaded Objects now: 4367.
Total: 13.231900 ms (FindLiveObjects: 1.607300 ms CreateObjectMapping: 1.078100 ms MarkObjects: 10.410300 ms  DeleteObjects: 0.128100 ms)

AssetImportParameters requested are different than current active one (requested -> active):
  custom:framework-win-MediaFoundation: 216162199b28c13a410421893ffa2e32 -> 
  custom:video-decoder-ogg-theora: a1e56fd34408186e4bbccfd4996cb3dc -> 
  custom:container-muxer-webm: aa71ff27fc2769a1b78a27578f13a17b -> 
  custom:container-demuxer-webm: 4f35f7cbe854078d1ac9338744f61a02 -> 
  custom:container-demuxer-ogg: 62fdf1f143b41e24485cea50d1cbac27 -> 
  custom:video-encoder-webm-vp8: eb34c28f22e8b96e1ab97ce403110664 -> 
  custom:video-codec-MediaFoundation-h265: 746d11721c4dcdbdad8f713fa42b33f4 -> 
  custom:video-decoder-webm-vp8: 9c59270c3fd7afecdb556c50c9e8de78 -> 
  custom:audio-decoder-ogg-vorbis: bf7c407c2cedff20999df2af8eb42d56 -> 
  custom:audio-encoder-webm-vorbis: bf7c407c2cedff20999df2af8eb42d56 -> 
========================================================================
Received Import Request.
  Time since last request: 840.799981 seconds.
  path: Assets/5Scripts/delay.cs
  artifactKey: Guid(3458ed50569d5eb4dab796ea53cfd974) Importer(815301076,1909f56bfc062723c751e8b465ee728b)
Start importing Assets/5Scripts/delay.cs using Guid(3458ed50569d5eb4dab796ea53cfd974) Importer(815301076,1909f56bfc062723c751e8b465ee728b)  -> (artifact id: '21686033a1e789979d3c5f3cb5ce18ef') in 0.350382 seconds 
  Import took 0.382394 seconds .

========================================================================
Received Prepare
Registering precompiled user dll's ...
Registered in 0.432294 seconds.
Begin MonoManager ReloadAssembly
Native extension for WindowsStandalone target not found
Refreshing native plugins compatible for Editor in 1.50 ms, found 5 plugins.
Preloading 0 native plugins for Editor in 0.00 ms.
Mono: successfully reloaded assembly
- Completed reload, in  6.209 seconds
Domain Reload Profiling:
	ReloadAssembly (6223ms)
		BeginReloadAssembly (856ms)
			ExecutionOrderSort (0ms)
			DisableScriptedObjects (22ms)
			BackupInstance (0ms)
			ReleaseScriptingObjects (0ms)
			CreateAndSetChildDomain (365ms)
		EndReloadAssembly (5172ms)
			LoadAssemblies (699ms)
			RebuildTransferFunctionScriptingTraits (0ms)
			SetupTypeCache (1363ms)
			ReleaseScriptCaches (2ms)
			RebuildScriptCaches (231ms)
			SetupLoadedEditorAssemblies (2101ms)
				LogAssemblyErrors (0ms)
				InitializePlatformSupportModulesInManaged (24ms)
				SetLoadedEditorAssemblies (1ms)
				RefreshPlugins (2ms)
				BeforeProcessingInitializeOnLoad (348ms)
				ProcessInitializeOnLoadAttributes (1589ms)
				ProcessInitializeOnLoadMethodAttributes (61ms)
				AfterProcessingInitializeOnLoad (76ms)
				EditorAssembliesLoaded (0ms)
			ExecutionOrderSort2 (0ms)
			AwakeInstancesAfterBackupRestoration (50ms)
Platform modules already initialized, skipping
Refreshing native plugins compatible for Editor in 1.57 ms, found 5 plugins.
Preloading 0 native plugins for Editor in 0.00 ms.
Unloading 3913 Unused Serialized files (Serialized files now loaded: 0)
System memory in use before: 146.7 MB.
System memory in use after: 147.0 MB.

Unloading 35 unused Assets to reduce memory usage. Loaded Objects now: 4371.
Total: 11.057700 ms (FindLiveObjects: 1.135800 ms CreateObjectMapping: 1.484600 ms MarkObjects: 8.350100 ms  DeleteObjects: 0.084000 ms)

AssetImportParameters requested are different than current active one (requested -> active):
  custom:framework-win-MediaFoundation: 216162199b28c13a410421893ffa2e32 -> 
  custom:video-decoder-ogg-theora: a1e56fd34408186e4bbccfd4996cb3dc -> 
  custom:container-muxer-webm: aa71ff27fc2769a1b78a27578f13a17b -> 
  custom:container-demuxer-webm: 4f35f7cbe854078d1ac9338744f61a02 -> 
  custom:container-demuxer-ogg: 62fdf1f143b41e24485cea50d1cbac27 -> 
  custom:video-encoder-webm-vp8: eb34c28f22e8b96e1ab97ce403110664 -> 
  custom:video-codec-MediaFoundation-h265: 746d11721c4dcdbdad8f713fa42b33f4 -> 
  custom:video-decoder-webm-vp8: 9c59270c3fd7afecdb556c50c9e8de78 -> 
  custom:audio-decoder-ogg-vorbis: bf7c407c2cedff20999df2af8eb42d56 -> 
  custom:audio-encoder-webm-vorbis: bf7c407c2cedff20999df2af8eb42d56 -> 
========================================================================
Received Import Request.
  Time since last request: 160.636487 seconds.
  path: Assets/0Scenes/3)MainScene.unity
  artifactKey: Guid(68bd9cff224bb074e9920afd1c949a25) Importer(815301076,1909f56bfc062723c751e8b465ee728b)
Start importing Assets/0Scenes/3)MainScene.unity using Guid(68bd9cff224bb074e9920afd1c949a25) Importer(815301076,1909f56bfc062723c751e8b465ee728b)  -> (artifact id: 'cdf230ae1808e6f06507b70b12d016cd') in 0.103128 seconds 
  Import took 0.120361 seconds .

========================================================================
Received Import Request.
  Time since last request: 143.659885 seconds.
  path: Assets/Resources/영문과 학생회장.prefab
  artifactKey: Guid(6fed5c860f5ab6b4a9493997e5edb74a) Importer(815301076,1909f56bfc062723c751e8b465ee728b)
Start importing Assets/Resources/영문과 학생회장.prefab using Guid(6fed5c860f5ab6b4a9493997e5edb74a) Importer(815301076,1909f56bfc062723c751e8b465ee728b)  -> (artifact id: 'f27245aebb75e3bec25e8c928893c16f') in 1.334314 seconds 
  Import took 1.458983 seconds .

========================================================================
Received Import Request.
  Time since last request: 12.572830 seconds.
  path: Assets/Resources/영문과 신입생2.prefab
  artifactKey: Guid(55c2f35e802f7e44091c4d8710ebd8c1) Importer(815301076,1909f56bfc062723c751e8b465ee728b)
Start importing Assets/Resources/영문과 신입생2.prefab using Guid(55c2f35e802f7e44091c4d8710ebd8c1) Importer(815301076,1909f56bfc062723c751e8b465ee728b)  -> (artifact id: '618eb1d780bffd7841bd2912e354f980') in 0.950778 seconds 
  Import took 1.107185 seconds .

========================================================================
Received Import Request.
  Time since last request: 10.077072 seconds.
  path: Assets/Resources/영문과 신입생1.prefab
  artifactKey: Guid(27c1eae05fc29ee4683bd93a8967a09c) Importer(815301076,1909f56bfc062723c751e8b465ee728b)
Start importing Assets/Resources/영문과 신입생1.prefab using Guid(27c1eae05fc29ee4683bd93a8967a09c) Importer(815301076,1909f56bfc062723c751e8b465ee728b)  -> (artifact id: 'a3272ebe501aa1a3bb14590989ecd1a6') in 0.133378 seconds 
  Import took 0.159927 seconds .

========================================================================
Received Import Request.
  Time since last request: 8.013685 seconds.
  path: Assets/Resources/영문과 신입생3.prefab
  artifactKey: Guid(7ceec68615817484dbb1ef65fbc22d60) Importer(815301076,1909f56bfc062723c751e8b465ee728b)
Start importing Assets/Resources/영문과 신입생3.prefab using Guid(7ceec68615817484dbb1ef65fbc22d60) Importer(815301076,1909f56bfc062723c751e8b465ee728b)  -> (artifact id: '7f77ab7aef273ce6df701c5ae01b4c2d') in 0.113970 seconds 
  Import took 0.132042 seconds .

========================================================================
Received Import Request.
  Time since last request: 19.706768 seconds.
  path: Assets/Resources/영문과 학생회장.prefab
  artifactKey: Guid(6fed5c860f5ab6b4a9493997e5edb74a) Importer(815301076,1909f56bfc062723c751e8b465ee728b)
Start importing Assets/Resources/영문과 학생회장.prefab using Guid(6fed5c860f5ab6b4a9493997e5edb74a) Importer(815301076,1909f56bfc062723c751e8b465ee728b)  -> (artifact id: '37431abaa5bbfc85897214ce04a6509a') in 1.314154 seconds 
  Import took 1.487283 seconds .

========================================================================
Received Import Request.
  Time since last request: 40.870479 seconds.
  path: Assets/0Scenes/3)MainScene.unity
  artifactKey: Guid(68bd9cff224bb074e9920afd1c949a25) Importer(815301076,1909f56bfc062723c751e8b465ee728b)
Start importing Assets/0Scenes/3)MainScene.unity using Guid(68bd9cff224bb074e9920afd1c949a25) Importer(815301076,1909f56bfc062723c751e8b465ee728b)  -> (artifact id: 'ed5e1173bdacf9e359cc48405596f1b1') in 0.069314 seconds 
  Import took 0.099470 seconds .

AssetImportWorkerClient::OnTransportError - code=2 error=End of file
